<?xml version="1.0" encoding="UTF-8"?>
<testsuite xmlns:xsi="http://www.w3.org/2001/XMLSchema-instance" xsi:noNamespaceSchemaLocation="https://maven.apache.org/surefire/maven-surefire-plugin/xsd/surefire-test-report.xsd" name="api.chucknorris.io.runners.AllTests" time="13.265" tests="8" errors="0" skipped="0" failures="0">
  <properties>
[...]
</properties>
  <testcase name="testBasicResponseSearchRandomCategoires" classname="api.chucknorris.io.tests.random.tests.RandomTest" time="4.429"/>
  <testcase name="testBasicResponseSearchEspecifyCategoires" classname="api.chucknorris.io.tests.random.tests.RandomTest" time="1.093"/>
  <testcase name="testValidResponseBySearchInvalidCategory" classname="api.chucknorris.io.tests.random.tests.RandomTest" time="1.147"/>
  <testcase name="testValidResponseBySearchValidCategory" classname="api.chucknorris.io.tests.random.tests.RandomTest" time="1.041"/>
  <testcase name="testValidResponseBySearchInvalidText" classname="api.chucknorris.io.tests.search.tests.SearchTest" time="1.088"/>
  <testcase name="testBasicResponseSearchText" classname="api.chucknorris.io.tests.search.tests.SearchTest" time="0.843"/>
  <testcase name="testValidResponseBySearchValidText" classname="api.chucknorris.io.tests.search.tests.SearchTest" time="1.398"/>
  <testcase name="testBasicResponseSearchCategoires" classname="api.chucknorris.io.tests.categories.tests.CategoriasTest" time="0.385"/>
</testsuite>